<?xml version="1.0" encoding="UTF-8"?>
<testsuite name="TestUserValidator" tests="4" skipped="0" failures="0" errors="0" timestamp="2020-12-22T14:20:43" hostname="DESKTOP-PB86ROL" time="0.007">
  <properties/>
  <testcase name="givenFirstName_ShouldReturn_False" classname="TestUserValidator" time="0.005"/>
  <testcase name="givenFirstName_ShouldReturn_True" classname="TestUserValidator" time="0.001"/>
  <testcase name="givenFirstName_NotHaveMinimumThreeLetters_ShouldReturn_False" classname="TestUserValidator" time="0.0"/>
  <testcase name="givenFirstName_MinimumThreeLetters_ShouldReturn_True" classname="TestUserValidator" time="0.0"/>
  <system-out><![CDATA[]]></system-out>
  <system-err><![CDATA[]]></system-err>
</testsuite>
