<?xml version="1.0" encoding="UTF-8"?>
<testsuite name="TestUserValidator" tests="24" skipped="0" failures="0" errors="0" timestamp="2020-12-22T15:31:31" hostname="DESKTOP-PB86ROL" time="0.023">
  <properties/>
  <testcase name="givenLastName_WhenLastNameStartsWithCapitalLetter_ShouldReturn_True" classname="TestUserValidator" time="0.006"/>
  <testcase name="givenEmail_WhenEmailEndsWithComOrIn_ShouldReturn_True" classname="TestUserValidator" time="0.001"/>
  <testcase name="givenPassword_WhenPasswordHaveAtleastOneCapitalLetter_ShouldReturn_True" classname="TestUserValidator" time="0.001"/>
  <testcase name="givenPhoneNumber_WhenPhoneNumberIsNotFollowedByCountryCode_ShouldReturn_False" classname="TestUserValidator" time="0.001"/>
  <testcase name="givenPassword_WhenPasswordNotHaveAtleastOneNumericNumber_ShouldReturn_False" classname="TestUserValidator" time="0.001"/>
  <testcase name="givenPhoneNumber_WhenPhoneNumberIsTenDigit_True" classname="TestUserValidator" time="0.0"/>
  <testcase name="givenFirstName_ShouldReturn_False" classname="TestUserValidator" time="0.0"/>
  <testcase name="givenPassword_WhenPasswordNotHaveAtleastOneCapitalLetter_ShouldReturn_False" classname="TestUserValidator" time="0.001"/>
  <testcase name="givenFirstName_ShouldReturn_True" classname="TestUserValidator" time="0.0"/>
  <testcase name="givenPassword_WhenPasswordNotHaveAtleastOneSpeacialCharacter_ShouldReturn_False" classname="TestUserValidator" time="0.0"/>
  <testcase name="givenPhoneNumber_WhenPhoneNumberIsFollowedByCountryCode_True" classname="TestUserValidator" time="0.001"/>
  <testcase name="givenEmail_WhenEmailNotStartsWithSmallLetter_ShouldReturn_False" classname="TestUserValidator" time="0.0"/>
  <testcase name="givenEmail_WhenEmailStartsWithSmallLetter_ShouldReturn_True" classname="TestUserValidator" time="0.0"/>
  <testcase name="givenEmail_WhenEmailNotEndsWithComOrIn_ShouldReturn_False" classname="TestUserValidator" time="0.0"/>
  <testcase name="givenFirstName_NotHaveMinimumThreeLetters_ShouldReturn_False" classname="TestUserValidator" time="0.0"/>
  <testcase name="givenPassword_WhenPasswordHaveAtleastOneSpeacialCharacter_ShouldReturn_True" classname="TestUserValidator" time="0.0"/>
  <testcase name="givenPassword_WhenPasswordIsNotMinimumEightDigit_ShouldReturn_False" classname="TestUserValidator" time="0.0"/>
  <testcase name="givenLastName_WhenLastNameNotHaveMinimumThreeLetter_ShouldReturn_False" classname="TestUserValidator" time="0.0"/>
  <testcase name="givenLastName_WhenLastNameNotStartsWithCapitalLetter_ShouldReturn_False" classname="TestUserValidator" time="0.0"/>
  <testcase name="givenPhoneNumber_WhenPhoneNumberIsNotTenDigit_ShouldReturn_False" classname="TestUserValidator" time="0.0"/>
  <testcase name="givenLastName_WhenLastNameHaveMinimumThreeLetter_ShouldReturn_True" classname="TestUserValidator" time="0.0"/>
  <testcase name="givenFirstName_MinimumThreeLetters_ShouldReturn_True" classname="TestUserValidator" time="0.0"/>
  <testcase name="givenPassword_WhenPasswordHaveAtleastOneNumericNumber_ShouldReturn_True" classname="TestUserValidator" time="0.0"/>
  <testcase name="givenPassword_WhenPasswordIsMinimumEightDigit_ShouldReturn_True" classname="TestUserValidator" time="0.001"/>
  <system-out><![CDATA[]]></system-out>
  <system-err><![CDATA[]]></system-err>
</testsuite>
